Using pre-set license
Built from '2020.3/china_unity/release' branch; Version is '2020.3.21f1c1 (ae728190a658) revision 11432577'; Using compiler version '192528614'; Build Type 'Release'
OS: 'Windows 10 Home China; OS build 18363.1139; Version 1909; 64bit' Language: 'zh' Physical Memory: 15789 MB
BatchMode: 1, IsHumanControllingUs: 0, StartBugReporterOnCrash: 0, Is64bit: 1, IsPro: 0

COMMAND LINE ARGUMENTS:
C:\Program Files\Unity\Hub\Editor\Unity 2020.3.21f1c1\Editor\Unity.exe
-adb2
-batchMode
-noUpm
-name
AssetImportWorker0
-projectPath
C:/Users/75759/Desktop/unity/Unity-Test/TeamWork
-logFile
Logs/AssetImportWorker0.log
-srvPort
64779
Successfully changed project path to: C:/Users/75759/Desktop/unity/Unity-Test/TeamWork
C:/Users/75759/Desktop/unity/Unity-Test/TeamWork
Using Asset Import Pipeline V2.
AS: AutoStreaming module initializing.Refreshing native plugins compatible for Editor in 77.75 ms, found 3 plugins.
Preloading 0 native plugins for Editor in 0.00 ms.
Initialize engine version: 2020.3.21f1c1 (ae728190a658)
[Subsystems] Discovering subsystems at path C:/Program Files/Unity/Hub/Editor/Unity 2020.3.21f1c1/Editor/Data/Resources/UnitySubsystems
[Subsystems] Discovering subsystems at path C:/Users/75759/Desktop/unity/Unity-Test/TeamWork/Assets
GfxDevice: creating device client; threaded=0
Direct3D:
    Version:  Direct3D 11.0 [level 11.1]
    Renderer: NVIDIA GeForce GTX 1660 Ti (ID=0x2191)
    Vendor:   
    VRAM:     5991 MB
    Driver:   27.21.14.5730
Initialize mono
Mono path[0] = 'C:/Program Files/Unity/Hub/Editor/Unity 2020.3.21f1c1/Editor/Data/Managed'
Mono path[1] = 'C:/Program Files/Unity/Hub/Editor/Unity 2020.3.21f1c1/Editor/Data/MonoBleedingEdge/lib/mono/unityjit'
Mono config path = 'C:/Program Files/Unity/Hub/Editor/Unity 2020.3.21f1c1/Editor/Data/MonoBleedingEdge/etc'
Using monoOptions --debugger-agent=transport=dt_socket,embedding=1,server=y,suspend=n,address=127.0.0.1:56860
Begin MonoManager ReloadAssembly
Registering precompiled unity dll's ...
Register platform support module: C:/Program Files/Unity/Hub/Editor/Unity 2020.3.21f1c1/Editor/Data/PlaybackEngines/WindowsStandaloneSupport/UnityEditor.WindowsStandalone.Extensions.dll
Registered in 0.001752 seconds.
Native extension for WindowsStandalone target not found
Refreshing native plugins compatible for Editor in 52.14 ms, found 3 plugins.
Preloading 0 native plugins for Editor in 0.00 ms.
Mono: successfully reloaded assembly
- Completed reload, in  1.344 seconds
Domain Reload Profiling:
	ReloadAssembly (1344ms)
		BeginReloadAssembly (70ms)
			ExecutionOrderSort (0ms)
			DisableScriptedObjects (0ms)
			BackupInstance (0ms)
			ReleaseScriptingObjects (0ms)
			CreateAndSetChildDomain (1ms)
		EndReloadAssembly (575ms)
			LoadAssemblies (68ms)
			RebuildTransferFunctionScriptingTraits (0ms)
			SetupTypeCache (193ms)
			ReleaseScriptCaches (0ms)
			RebuildScriptCaches (40ms)
			SetupLoadedEditorAssemblies (221ms)
				LogAssemblyErrors (0ms)
				InitializePlatformSupportModulesInManaged (5ms)
				SetLoadedEditorAssemblies (0ms)
				RefreshPlugins (52ms)
				BeforeProcessingInitializeOnLoad (19ms)
				ProcessInitializeOnLoadAttributes (106ms)
				ProcessInitializeOnLoadMethodAttributes (38ms)
				AfterProcessingInitializeOnLoad (0ms)
				EditorAssembliesLoaded (0ms)
			ExecutionOrderSort2 (0ms)
			AwakeInstancesAfterBackupRestoration (0ms)
Platform modules already initialized, skipping
Registering precompiled user dll's ...
Registered in 0.006634 seconds.
Begin MonoManager ReloadAssembly
Native extension for WindowsStandalone target not found
Refreshing native plugins compatible for Editor in 61.39 ms, found 3 plugins.
Preloading 0 native plugins for Editor in 0.00 ms.
Mono: successfully reloaded assembly
- Completed reload, in  1.446 seconds
Domain Reload Profiling:
	ReloadAssembly (1447ms)
		BeginReloadAssembly (152ms)
			ExecutionOrderSort (0ms)
			DisableScriptedObjects (5ms)
			BackupInstance (0ms)
			ReleaseScriptingObjects (0ms)
			CreateAndSetChildDomain (21ms)
		EndReloadAssembly (1223ms)
			LoadAssemblies (100ms)
			RebuildTransferFunctionScriptingTraits (0ms)
			SetupTypeCache (379ms)
			ReleaseScriptCaches (1ms)
			RebuildScriptCaches (110ms)
			SetupLoadedEditorAssemblies (458ms)
				LogAssemblyErrors (0ms)
				InitializePlatformSupportModulesInManaged (6ms)
				SetLoadedEditorAssemblies (0ms)
				RefreshPlugins (61ms)
				BeforeProcessingInitializeOnLoad (119ms)
				ProcessInitializeOnLoadAttributes (241ms)
				ProcessInitializeOnLoadMethodAttributes (24ms)
				AfterProcessingInitializeOnLoad (6ms)
				EditorAssembliesLoaded (0ms)
			ExecutionOrderSort2 (0ms)
			AwakeInstancesAfterBackupRestoration (8ms)
Platform modules already initialized, skipping
========================================================================
Worker process is ready to serve import requests
Launched and connected shader compiler UnityShaderCompiler.exe after 0.05 seconds
Refreshing native plugins compatible for Editor in 0.59 ms, found 3 plugins.
Preloading 0 native plugins for Editor in 0.00 ms.
Unloading 2182 Unused Serialized files (Serialized files now loaded: 0)
System memory in use before: 95.5 MB.
System memory in use after: 95.6 MB.

Unloading 28 unused Assets to reduce memory usage. Loaded Objects now: 2616.
Total: 3.442500 ms (FindLiveObjects: 0.228800 ms CreateObjectMapping: 0.064000 ms MarkObjects: 3.073100 ms  DeleteObjects: 0.075100 ms)

AssetImportParameters requested are different than current active one (requested -> active):
  custom:framework-win-MediaFoundation: 216162199b28c13a410421893ffa2e32 -> 
  custom:video-decoder-ogg-theora: a1e56fd34408186e4bbccfd4996cb3dc -> 
  custom:container-muxer-webm: aa71ff27fc2769a1b78a27578f13a17b -> 
  custom:container-demuxer-webm: 4f35f7cbe854078d1ac9338744f61a02 -> 
  custom:container-demuxer-ogg: 62fdf1f143b41e24485cea50d1cbac27 -> 
  custom:video-encoder-webm-vp8: eb34c28f22e8b96e1ab97ce403110664 -> 
  custom:video-codec-MediaFoundation-h265: 746d11721c4dcdbdad8f713fa42b33f4 -> 
  custom:video-decoder-webm-vp8: 9c59270c3fd7afecdb556c50c9e8de78 -> 
  custom:audio-decoder-ogg-vorbis: bf7c407c2cedff20999df2af8eb42d56 -> 
  custom:audio-encoder-webm-vorbis: bf7c407c2cedff20999df2af8eb42d56 -> 
========================================================================
Received Import Request.
  path: Assets/Sunny Land Forest Assets/Artwork/Environment/background.png
  artifactKey: Guid(0ec7f03d689614a43ae2aeba2db954c0) Importer(815301076,1909f56bfc062723c751e8b465ee728b)
Start importing Assets/Sunny Land Forest Assets/Artwork/Environment/background.png using Guid(0ec7f03d689614a43ae2aeba2db954c0) Importer(815301076,1909f56bfc062723c751e8b465ee728b)  -> (artifact id: '90b4245f900473bf65b81c00204113f4') in 0.099709 seconds 
  Import took 0.103409 seconds .

========================================================================
Received Import Request.
  Time since last request: 0.000286 seconds.
  path: Assets/Sunny Land Forest Assets/Artwork/Environment/tileset_preview.png
  artifactKey: Guid(c7023aa968e634fc886642f0d99afe29) Importer(815301076,1909f56bfc062723c751e8b465ee728b)
Start importing Assets/Sunny Land Forest Assets/Artwork/Environment/tileset_preview.png using Guid(c7023aa968e634fc886642f0d99afe29) Importer(815301076,1909f56bfc062723c751e8b465ee728b)  -> (artifact id: 'c1110e8fed2f1069069533d23217d60f') in 0.017015 seconds 
  Import took 0.020394 seconds .

========================================================================
Received Import Request.
  Time since last request: 0.000247 seconds.
  path: Assets/Sunny Land Forest Assets/Artwork/Environment/environment-preview.png
  artifactKey: Guid(a19e9edb7c8f94be391773f155002823) Importer(815301076,1909f56bfc062723c751e8b465ee728b)
Start importing Assets/Sunny Land Forest Assets/Artwork/Environment/environment-preview.png using Guid(a19e9edb7c8f94be391773f155002823) Importer(815301076,1909f56bfc062723c751e8b465ee728b)  -> (artifact id: 'cbf65636f3662b1f4b663b0af1bade31') in 0.023127 seconds 
  Import took 0.026771 seconds .

========================================================================
Received Import Request.
  Time since last request: 0.000265 seconds.
  path: Assets/Sunny Land Forest Assets/Artwork/Environment/middleground.png
  artifactKey: Guid(d826448c67ac24a828938a397a088786) Importer(815301076,1909f56bfc062723c751e8b465ee728b)
Start importing Assets/Sunny Land Forest Assets/Artwork/Environment/middleground.png using Guid(d826448c67ac24a828938a397a088786) Importer(815301076,1909f56bfc062723c751e8b465ee728b)  -> (artifact id: 'ad15f8554225f00181477bbc35235831') in 0.017733 seconds 
  Import took 0.022766 seconds .

========================================================================
Received Import Request.
  Time since last request: 0.000267 seconds.
  path: Assets/Sunny Land Forest Assets/Artwork/Environment/tileset.png
  artifactKey: Guid(2eeb0d4e8888f48459040781a511455e) Importer(815301076,1909f56bfc062723c751e8b465ee728b)
Start importing Assets/Sunny Land Forest Assets/Artwork/Environment/tileset.png using Guid(2eeb0d4e8888f48459040781a511455e) Importer(815301076,1909f56bfc062723c751e8b465ee728b)  -> (artifact id: '5b6b00a12e30bb82fb85802e8924651e') in 0.384972 seconds 
  Import took 0.389184 seconds .

========================================================================
Received Import Request.
  Time since last request: 20.599465 seconds.
  path: Assets/Sunny Land Forest Assets/Artwork/Environment/background.png
  artifactKey: Guid(0ec7f03d689614a43ae2aeba2db954c0) Importer(815301076,1909f56bfc062723c751e8b465ee728b)
Start importing Assets/Sunny Land Forest Assets/Artwork/Environment/background.png using Guid(0ec7f03d689614a43ae2aeba2db954c0) Importer(815301076,1909f56bfc062723c751e8b465ee728b)  -> (artifact id: '4caa07ea6cf3cab40b2e31a2c904182c') in 0.017661 seconds 
  Import took 0.021157 seconds .

========================================================================
Received Import Request.
  Time since last request: 0.000233 seconds.
  path: Assets/Sunny Land Forest Assets/Artwork/Environment/tileset_preview.png
  artifactKey: Guid(c7023aa968e634fc886642f0d99afe29) Importer(815301076,1909f56bfc062723c751e8b465ee728b)
Start importing Assets/Sunny Land Forest Assets/Artwork/Environment/tileset_preview.png using Guid(c7023aa968e634fc886642f0d99afe29) Importer(815301076,1909f56bfc062723c751e8b465ee728b)  -> (artifact id: '0ddc84449b4094445e850ea6e736db2c') in 0.028974 seconds 
  Import took 0.032470 seconds .

========================================================================
Received Import Request.
  Time since last request: 0.000381 seconds.
  path: Assets/Sunny Land Forest Assets/Artwork/Environment/environment-preview.png
  artifactKey: Guid(a19e9edb7c8f94be391773f155002823) Importer(815301076,1909f56bfc062723c751e8b465ee728b)
Start importing Assets/Sunny Land Forest Assets/Artwork/Environment/environment-preview.png using Guid(a19e9edb7c8f94be391773f155002823) Importer(815301076,1909f56bfc062723c751e8b465ee728b)  -> (artifact id: 'b695f74625d83adf6eb2841e79871c11') in 0.018193 seconds 
  Import took 0.021818 seconds .

========================================================================
Received Import Request.
  Time since last request: 0.000202 seconds.
  path: Assets/Sunny Land Forest Assets/Artwork/Environment/middleground.png
  artifactKey: Guid(d826448c67ac24a828938a397a088786) Importer(815301076,1909f56bfc062723c751e8b465ee728b)
Start importing Assets/Sunny Land Forest Assets/Artwork/Environment/middleground.png using Guid(d826448c67ac24a828938a397a088786) Importer(815301076,1909f56bfc062723c751e8b465ee728b)  -> (artifact id: 'b11a23c5ca5251f344df9e466d5750dd') in 0.019267 seconds 
  Import took 0.022594 seconds .

========================================================================
Received Import Request.
  Time since last request: 0.000253 seconds.
  path: Assets/Sunny Land Forest Assets/Artwork/Environment/tileset.png
  artifactKey: Guid(2eeb0d4e8888f48459040781a511455e) Importer(815301076,1909f56bfc062723c751e8b465ee728b)
Start importing Assets/Sunny Land Forest Assets/Artwork/Environment/tileset.png using Guid(2eeb0d4e8888f48459040781a511455e) Importer(815301076,1909f56bfc062723c751e8b465ee728b)  -> (artifact id: '865c681948fc131cf35891ac5e56755d') in 0.396067 seconds 
  Import took 0.400022 seconds .

========================================================================
Received Import Request.
  Time since last request: 64.889030 seconds.
  path: Assets/Sunny Land Forest Assets/Artwork/Environment/Rectangular Palette.prefab
  artifactKey: Guid(8784dd5dccc60134c8398d1e05813e09) Importer(815301076,1909f56bfc062723c751e8b465ee728b)
Start importing Assets/Sunny Land Forest Assets/Artwork/Environment/Rectangular Palette.prefab using Guid(8784dd5dccc60134c8398d1e05813e09) Importer(815301076,1909f56bfc062723c751e8b465ee728b)  -> (artifact id: 'cc7159ed9ab9d397a7e4c94fdf70cf95') in 0.046975 seconds 
  Import took 0.050328 seconds .

========================================================================
Received Import Request.
  Time since last request: 45.704592 seconds.
  path: Assets/Sunny Land Forest Assets/Artwork/Environment/Tileset.prefab
  artifactKey: Guid(d7b89ff904c26ff41bdeaec7c436c0c5) Importer(815301076,1909f56bfc062723c751e8b465ee728b)
Start importing Assets/Sunny Land Forest Assets/Artwork/Environment/Tileset.prefab using Guid(d7b89ff904c26ff41bdeaec7c436c0c5) Importer(815301076,1909f56bfc062723c751e8b465ee728b)  -> (artifact id: 'e300b7e5d467fa80b2565139e60c2fbe') in 0.012512 seconds 
  Import took 0.015879 seconds .

========================================================================
Received Import Request.
  Time since last request: 18.696285 seconds.
  path: Assets/Sunny Land Forest Assets/Artwork/Environment/Tileset.prefab
  artifactKey: Guid(d7b89ff904c26ff41bdeaec7c436c0c5) Importer(815301076,1909f56bfc062723c751e8b465ee728b)
Start importing Assets/Sunny Land Forest Assets/Artwork/Environment/Tileset.prefab using Guid(d7b89ff904c26ff41bdeaec7c436c0c5) Importer(815301076,1909f56bfc062723c751e8b465ee728b)  -> (artifact id: 'b6c9e23d5b0ebf57ca94ee2bb8b17010') in 0.061528 seconds 
  Import took 0.065809 seconds .

========================================================================
Received Import Request.
  Time since last request: 0.000257 seconds.
  path: Assets/Sunny Land Forest Assets/Artwork/Environment/tileset_12.asset
  artifactKey: Guid(3c88811887f6a6348ade74f2e773029a) Importer(815301076,1909f56bfc062723c751e8b465ee728b)
Start importing Assets/Sunny Land Forest Assets/Artwork/Environment/tileset_12.asset using Guid(3c88811887f6a6348ade74f2e773029a) Importer(815301076,1909f56bfc062723c751e8b465ee728b)  -> (artifact id: '01310d4faef0a92aa2e7a87b8c512b15') in 0.020969 seconds 
  Import took 0.026128 seconds .

========================================================================
Received Import Request.
  Time since last request: 0.000270 seconds.
  path: Assets/Sunny Land Forest Assets/Artwork/Environment/tileset_17.asset
  artifactKey: Guid(f1ab9a3f7d3f1374aae58336d7d5e4d7) Importer(815301076,1909f56bfc062723c751e8b465ee728b)
Start importing Assets/Sunny Land Forest Assets/Artwork/Environment/tileset_17.asset using Guid(f1ab9a3f7d3f1374aae58336d7d5e4d7) Importer(815301076,1909f56bfc062723c751e8b465ee728b)  -> (artifact id: 'e7cadc193f84178388eda6846f7ee035') in 0.011984 seconds 
  Import took 0.016050 seconds .

========================================================================
Received Import Request.
  Time since last request: 0.000253 seconds.
  path: Assets/Sunny Land Forest Assets/Artwork/Environment/tileset_4.asset
  artifactKey: Guid(5c9a6cb01186b074cb08ea24c80eadc9) Importer(815301076,1909f56bfc062723c751e8b465ee728b)
Start importing Assets/Sunny Land Forest Assets/Artwork/Environment/tileset_4.asset using Guid(5c9a6cb01186b074cb08ea24c80eadc9) Importer(815301076,1909f56bfc062723c751e8b465ee728b)  -> (artifact id: '530e2a9e1f577980cc7e07a90c30941d') in 0.010328 seconds 
  Import took 0.013850 seconds .

========================================================================
Received Import Request.
  Time since last request: 0.000247 seconds.
  path: Assets/Sunny Land Forest Assets/Artwork/Environment/tileset_8.asset
  artifactKey: Guid(428ad4a54c3e70f4bad6d3b53c840e8e) Importer(815301076,1909f56bfc062723c751e8b465ee728b)
Start importing Assets/Sunny Land Forest Assets/Artwork/Environment/tileset_8.asset using Guid(428ad4a54c3e70f4bad6d3b53c840e8e) Importer(815301076,1909f56bfc062723c751e8b465ee728b)  -> (artifact id: '797af194dbe753fc2f926b2bb90c3a40') in 0.014487 seconds 
  Import took 0.018031 seconds .

========================================================================
Received Import Request.
  Time since last request: 0.000291 seconds.
  path: Assets/Sunny Land Forest Assets/Artwork/Environment/tileset_7.asset
  artifactKey: Guid(b61f68c1301d73f4d8c0df254d562450) Importer(815301076,1909f56bfc062723c751e8b465ee728b)
Start importing Assets/Sunny Land Forest Assets/Artwork/Environment/tileset_7.asset using Guid(b61f68c1301d73f4d8c0df254d562450) Importer(815301076,1909f56bfc062723c751e8b465ee728b)  -> (artifact id: '19eccbf3dc609a777cb57e298df87cbb') in 0.012240 seconds 
  Import took 0.016556 seconds .

========================================================================
Received Import Request.
  Time since last request: 0.000287 seconds.
  path: Assets/Sunny Land Forest Assets/Artwork/Environment/tileset_14.asset
  artifactKey: Guid(53bdfb430ef50ee46b01158253aace78) Importer(815301076,1909f56bfc062723c751e8b465ee728b)
Start importing Assets/Sunny Land Forest Assets/Artwork/Environment/tileset_14.asset using Guid(53bdfb430ef50ee46b01158253aace78) Importer(815301076,1909f56bfc062723c751e8b465ee728b)  -> (artifact id: 'ed42a5afb72d3aabb395c4337e0215b6') in 0.012078 seconds 
  Import took 0.016692 seconds .

========================================================================
Received Import Request.
  Time since last request: 0.000285 seconds.
  path: Assets/Sunny Land Forest Assets/Artwork/Environment/tileset_9.asset
  artifactKey: Guid(2c9fbcb1e70da554f8d3907706ec2a8d) Importer(815301076,1909f56bfc062723c751e8b465ee728b)
Start importing Assets/Sunny Land Forest Assets/Artwork/Environment/tileset_9.asset using Guid(2c9fbcb1e70da554f8d3907706ec2a8d) Importer(815301076,1909f56bfc062723c751e8b465ee728b)  -> (artifact id: 'dac82d9f6c6a40bd31471adaa6b63da7') in 0.015706 seconds 
  Import took 0.020606 seconds .

========================================================================
Received Import Request.
  Time since last request: 0.000315 seconds.
  path: Assets/Sunny Land Forest Assets/Artwork/Environment/tileset_2.asset
  artifactKey: Guid(ccc3ee8fbc2da3942b84c1d6d4700670) Importer(815301076,1909f56bfc062723c751e8b465ee728b)
Start importing Assets/Sunny Land Forest Assets/Artwork/Environment/tileset_2.asset using Guid(ccc3ee8fbc2da3942b84c1d6d4700670) Importer(815301076,1909f56bfc062723c751e8b465ee728b)  -> (artifact id: '944920c085952cd0c9769d81d5e6ed67') in 0.013279 seconds 
  Import took 0.017970 seconds .

========================================================================
Received Import Request.
  Time since last request: 0.000311 seconds.
  path: Assets/Sunny Land Forest Assets/Artwork/Environment/tileset_6.asset
  artifactKey: Guid(f3c5a83f8bf2ec44c8b7128feb195466) Importer(815301076,1909f56bfc062723c751e8b465ee728b)
Start importing Assets/Sunny Land Forest Assets/Artwork/Environment/tileset_6.asset using Guid(f3c5a83f8bf2ec44c8b7128feb195466) Importer(815301076,1909f56bfc062723c751e8b465ee728b)  -> (artifact id: '58deb6f45da46cf55b7162185aafd7cc') in 0.018543 seconds 
  Import took 0.023037 seconds .

========================================================================
Received Import Request.
  Time since last request: 0.000327 seconds.
  path: Assets/Sunny Land Forest Assets/Artwork/Environment/tileset_10.asset
  artifactKey: Guid(a6887758051cb77428874e2baf89db2f) Importer(815301076,1909f56bfc062723c751e8b465ee728b)
Start importing Assets/Sunny Land Forest Assets/Artwork/Environment/tileset_10.asset using Guid(a6887758051cb77428874e2baf89db2f) Importer(815301076,1909f56bfc062723c751e8b465ee728b)  -> (artifact id: '72bb5bcfa2b89d4518780bba9002e46e') in 0.011267 seconds 
  Import took 0.015903 seconds .

========================================================================
Received Import Request.
  Time since last request: 0.000299 seconds.
  path: Assets/Sunny Land Forest Assets/Artwork/Environment/tileset_3.asset
  artifactKey: Guid(82a29a803ab3d5c449630b9f61f4cd2c) Importer(815301076,1909f56bfc062723c751e8b465ee728b)
Start importing Assets/Sunny Land Forest Assets/Artwork/Environment/tileset_3.asset using Guid(82a29a803ab3d5c449630b9f61f4cd2c) Importer(815301076,1909f56bfc062723c751e8b465ee728b)  -> (artifact id: 'f51c5d824bfefb7902ef9e4e39fd2bcd') in 0.015984 seconds 
  Import took 0.020068 seconds .

========================================================================
Received Import Request.
  Time since last request: 0.000260 seconds.
  path: Assets/Sunny Land Forest Assets/Artwork/Environment/tileset_13.asset
  artifactKey: Guid(1af39add5c2486a41bc8ff5afc56dfd2) Importer(815301076,1909f56bfc062723c751e8b465ee728b)
Start importing Assets/Sunny Land Forest Assets/Artwork/Environment/tileset_13.asset using Guid(1af39add5c2486a41bc8ff5afc56dfd2) Importer(815301076,1909f56bfc062723c751e8b465ee728b)  -> (artifact id: 'bf8867f6c2f9ec88979847eb26105d58') in 0.016120 seconds 
  Import took 0.020682 seconds .

========================================================================
Received Import Request.
  Time since last request: 0.000263 seconds.
  path: Assets/Sunny Land Forest Assets/Artwork/Environment/tileset_11.asset
  artifactKey: Guid(fe2817964363a1343aebfd1400cef8e1) Importer(815301076,1909f56bfc062723c751e8b465ee728b)
Start importing Assets/Sunny Land Forest Assets/Artwork/Environment/tileset_11.asset using Guid(fe2817964363a1343aebfd1400cef8e1) Importer(815301076,1909f56bfc062723c751e8b465ee728b)  -> (artifact id: '1800215733bc24da9346c7d6e31a4b10') in 0.016787 seconds 
  Import took 0.020636 seconds .

========================================================================
Received Import Request.
  Time since last request: 0.000275 seconds.
  path: Assets/Sunny Land Forest Assets/Artwork/Environment/tileset_5.asset
  artifactKey: Guid(b2aebe237d558004dbe7801b91bfd962) Importer(815301076,1909f56bfc062723c751e8b465ee728b)
Start importing Assets/Sunny Land Forest Assets/Artwork/Environment/tileset_5.asset using Guid(b2aebe237d558004dbe7801b91bfd962) Importer(815301076,1909f56bfc062723c751e8b465ee728b)  -> (artifact id: '06f9200682b20b7b75ee138e1b5eaa0b') in 0.011770 seconds 
  Import took 0.015937 seconds .

========================================================================
Received Import Request.
  Time since last request: 0.000280 seconds.
  path: Assets/Sunny Land Forest Assets/Artwork/Environment/tileset_15.asset
  artifactKey: Guid(7de1b4c8b9b0565498b2bee6bc2ce4a3) Importer(815301076,1909f56bfc062723c751e8b465ee728b)
Start importing Assets/Sunny Land Forest Assets/Artwork/Environment/tileset_15.asset using Guid(7de1b4c8b9b0565498b2bee6bc2ce4a3) Importer(815301076,1909f56bfc062723c751e8b465ee728b)  -> (artifact id: 'd9327c951861b3b15af0ca8de62b46a0') in 0.014960 seconds 
  Import took 0.019057 seconds .

========================================================================
Received Import Request.
  Time since last request: 0.000272 seconds.
  path: Assets/Sunny Land Forest Assets/Artwork/Environment/tileset_0.asset
  artifactKey: Guid(b4af50d3bc8595448b4a0e732b4b039b) Importer(815301076,1909f56bfc062723c751e8b465ee728b)
Start importing Assets/Sunny Land Forest Assets/Artwork/Environment/tileset_0.asset using Guid(b4af50d3bc8595448b4a0e732b4b039b) Importer(815301076,1909f56bfc062723c751e8b465ee728b)  -> (artifact id: 'f5e577ce13d77926909617f0c265ee79') in 0.012022 seconds 
  Import took 0.016086 seconds .

========================================================================
Received Import Request.
  Time since last request: 0.000375 seconds.
  path: Assets/Sunny Land Forest Assets/Artwork/Environment/tileset_18.asset
  artifactKey: Guid(e0d2891b55999aa40a638561cd73f8bd) Importer(815301076,1909f56bfc062723c751e8b465ee728b)
Start importing Assets/Sunny Land Forest Assets/Artwork/Environment/tileset_18.asset using Guid(e0d2891b55999aa40a638561cd73f8bd) Importer(815301076,1909f56bfc062723c751e8b465ee728b)  -> (artifact id: 'c7ff59c36edaa0c4756fdb8b74782f96') in 0.016316 seconds 
  Import took 0.020729 seconds .

========================================================================
Received Import Request.
  Time since last request: 0.000348 seconds.
  path: Assets/Sunny Land Forest Assets/Artwork/Environment/tileset_1.asset
  artifactKey: Guid(9c9c24e7e8de40846a962ad58a60baac) Importer(815301076,1909f56bfc062723c751e8b465ee728b)
Start importing Assets/Sunny Land Forest Assets/Artwork/Environment/tileset_1.asset using Guid(9c9c24e7e8de40846a962ad58a60baac) Importer(815301076,1909f56bfc062723c751e8b465ee728b)  -> (artifact id: '24b0e2d40e481ad53d2636af0788ed46') in 0.010533 seconds 
  Import took 0.015053 seconds .

========================================================================
Received Import Request.
  Time since last request: 0.000264 seconds.
  path: Assets/Sunny Land Forest Assets/Artwork/Environment/tileset_16.asset
  artifactKey: Guid(f53e7e4854d343c4e9d67e379ed2cd39) Importer(815301076,1909f56bfc062723c751e8b465ee728b)
Start importing Assets/Sunny Land Forest Assets/Artwork/Environment/tileset_16.asset using Guid(f53e7e4854d343c4e9d67e379ed2cd39) Importer(815301076,1909f56bfc062723c751e8b465ee728b)  -> (artifact id: '7d107fe163c15f98d2b3be4f77c9f80d') in 0.013811 seconds 
  Import took 0.018063 seconds .

========================================================================
Received Import Request.
  Time since last request: 0.634146 seconds.
  path: Assets/Sunny Land Forest Assets/Artwork/Environment/tileset_19.asset
  artifactKey: Guid(3d53826ef358e5b4988e66c2f10ae067) Importer(815301076,1909f56bfc062723c751e8b465ee728b)
Start importing Assets/Sunny Land Forest Assets/Artwork/Environment/tileset_19.asset using Guid(3d53826ef358e5b4988e66c2f10ae067) Importer(815301076,1909f56bfc062723c751e8b465ee728b)  -> (artifact id: 'e87443cf81735ce7dafc70d522c094db') in 0.011235 seconds 
  Import took 0.015144 seconds .

========================================================================
Received Import Request.
  Time since last request: 0.000235 seconds.
  path: Assets/Sunny Land Forest Assets/Artwork/Environment/tileset_23.asset
  artifactKey: Guid(7f1284ee231c8154ca34b7b26cf10df2) Importer(815301076,1909f56bfc062723c751e8b465ee728b)
Start importing Assets/Sunny Land Forest Assets/Artwork/Environment/tileset_23.asset using Guid(7f1284ee231c8154ca34b7b26cf10df2) Importer(815301076,1909f56bfc062723c751e8b465ee728b)  -> (artifact id: '094e944c50af23507a3f6211bd2b001d') in 0.013108 seconds 
  Import took 0.017365 seconds .

========================================================================
Received Import Request.
  Time since last request: 0.000237 seconds.
  path: Assets/Sunny Land Forest Assets/Artwork/Environment/tileset_20.asset
  artifactKey: Guid(fdb862bdca4eb9a4cb3ad710e1a1bc26) Importer(815301076,1909f56bfc062723c751e8b465ee728b)
Start importing Assets/Sunny Land Forest Assets/Artwork/Environment/tileset_20.asset using Guid(fdb862bdca4eb9a4cb3ad710e1a1bc26) Importer(815301076,1909f56bfc062723c751e8b465ee728b)  -> (artifact id: '5ad44dc955c4028abf8ed96987a9ca8a') in 0.010050 seconds 
  Import took 0.014783 seconds .

========================================================================
Received Import Request.
  Time since last request: 0.000254 seconds.
  path: Assets/Sunny Land Forest Assets/Artwork/Environment/tileset_21.asset
  artifactKey: Guid(c4b3267a6ff84b84e9db0657fc0fcc39) Importer(815301076,1909f56bfc062723c751e8b465ee728b)
Start importing Assets/Sunny Land Forest Assets/Artwork/Environment/tileset_21.asset using Guid(c4b3267a6ff84b84e9db0657fc0fcc39) Importer(815301076,1909f56bfc062723c751e8b465ee728b)  -> (artifact id: '4972b3bf9e0176a3e20ce5673e7002c5') in 0.010908 seconds 
  Import took 0.015443 seconds .

========================================================================
Received Import Request.
  Time since last request: 0.000222 seconds.
  path: Assets/Sunny Land Forest Assets/Artwork/Environment/tileset_22.asset
  artifactKey: Guid(d19c5af1bd59bff428935c189ee7b37d) Importer(815301076,1909f56bfc062723c751e8b465ee728b)
Start importing Assets/Sunny Land Forest Assets/Artwork/Environment/tileset_22.asset using Guid(d19c5af1bd59bff428935c189ee7b37d) Importer(815301076,1909f56bfc062723c751e8b465ee728b)  -> (artifact id: '7cb231875d2ccb09d3066eef666d045f') in 0.011602 seconds 
  Import took 0.015492 seconds .

========================================================================
Received Import Request.
  Time since last request: 0.000300 seconds.
  path: Assets/Sunny Land Forest Assets/Artwork/Environment/tileset_24.asset
  artifactKey: Guid(a242fef91214045409e988a2b6eb65a2) Importer(815301076,1909f56bfc062723c751e8b465ee728b)
Start importing Assets/Sunny Land Forest Assets/Artwork/Environment/tileset_24.asset using Guid(a242fef91214045409e988a2b6eb65a2) Importer(815301076,1909f56bfc062723c751e8b465ee728b)  -> (artifact id: '327a6562458b41b4784486794210ac49') in 0.011056 seconds 
  Import took 0.015535 seconds .

========================================================================
Received Import Request.
  Time since last request: 10.037230 seconds.
  path: Assets/Sunny Land Forest Assets/Artwork/Environment/tileset_25.asset
  artifactKey: Guid(7dd90ba675179b04ea151633cca64901) Importer(815301076,1909f56bfc062723c751e8b465ee728b)
Start importing Assets/Sunny Land Forest Assets/Artwork/Environment/tileset_25.asset using Guid(7dd90ba675179b04ea151633cca64901) Importer(815301076,1909f56bfc062723c751e8b465ee728b)  -> (artifact id: '1be229db83ff360fdc196328b3e8903d') in 0.009992 seconds 
  Import took 0.013333 seconds .

========================================================================
Received Import Request.
  Time since last request: 0.104897 seconds.
  path: Assets/Sunny Land Forest Assets/Artwork/Environment/tileset_26.asset
  artifactKey: Guid(1754afb7867dc9a488afcace61ee2adf) Importer(815301076,1909f56bfc062723c751e8b465ee728b)
Start importing Assets/Sunny Land Forest Assets/Artwork/Environment/tileset_26.asset using Guid(1754afb7867dc9a488afcace61ee2adf) Importer(815301076,1909f56bfc062723c751e8b465ee728b)  -> (artifact id: '491ed75c0266e8a619839916690c2da5') in 0.011383 seconds 
  Import took 0.015045 seconds .

========================================================================
Received Import Request.
  Time since last request: 0.000216 seconds.
  path: Assets/Sunny Land Forest Assets/Artwork/Environment/tileset_31.asset
  artifactKey: Guid(a80658f71cd68554ba8a4453efef1901) Importer(815301076,1909f56bfc062723c751e8b465ee728b)
Start importing Assets/Sunny Land Forest Assets/Artwork/Environment/tileset_31.asset using Guid(a80658f71cd68554ba8a4453efef1901) Importer(815301076,1909f56bfc062723c751e8b465ee728b)  -> (artifact id: '3343723ad9a1e0b5e3e62311969f36cf') in 0.012705 seconds 
  Import took 0.016907 seconds .

========================================================================
Received Import Request.
  Time since last request: 0.000270 seconds.
  path: Assets/Sunny Land Forest Assets/Artwork/Environment/tileset_29.asset
  artifactKey: Guid(284d0b8baf5df944fa795c55546e50f8) Importer(815301076,1909f56bfc062723c751e8b465ee728b)
Start importing Assets/Sunny Land Forest Assets/Artwork/Environment/tileset_29.asset using Guid(284d0b8baf5df944fa795c55546e50f8) Importer(815301076,1909f56bfc062723c751e8b465ee728b)  -> (artifact id: '03965fef282e52991c5affbf3932251a') in 0.013259 seconds 
  Import took 0.018323 seconds .

========================================================================
Received Import Request.
  Time since last request: 0.000552 seconds.
  path: Assets/Sunny Land Forest Assets/Artwork/Environment/tileset_30.asset
  artifactKey: Guid(3817aa52ad0b39e418f5330c83a8f5d0) Importer(815301076,1909f56bfc062723c751e8b465ee728b)
Start importing Assets/Sunny Land Forest Assets/Artwork/Environment/tileset_30.asset using Guid(3817aa52ad0b39e418f5330c83a8f5d0) Importer(815301076,1909f56bfc062723c751e8b465ee728b)  -> (artifact id: 'a51bea43c341c46cb3d254d06411949f') in 0.010979 seconds 
  Import took 0.015305 seconds .

========================================================================
Received Import Request.
  Time since last request: 0.000254 seconds.
  path: Assets/Sunny Land Forest Assets/Artwork/Environment/tileset_27.asset
  artifactKey: Guid(c873e1f8fce3dea4fa9b66c8f518db57) Importer(815301076,1909f56bfc062723c751e8b465ee728b)
Start importing Assets/Sunny Land Forest Assets/Artwork/Environment/tileset_27.asset using Guid(c873e1f8fce3dea4fa9b66c8f518db57) Importer(815301076,1909f56bfc062723c751e8b465ee728b)  -> (artifact id: '4a39166f842ce845ff0d28830d499dd8') in 0.010822 seconds 
  Import took 0.014960 seconds .

========================================================================
Received Import Request.
  Time since last request: 0.000261 seconds.
  path: Assets/Sunny Land Forest Assets/Artwork/Environment/tileset_28.asset
  artifactKey: Guid(fe61cb390c908ef4799efa4feeadbc79) Importer(815301076,1909f56bfc062723c751e8b465ee728b)
Start importing Assets/Sunny Land Forest Assets/Artwork/Environment/tileset_28.asset using Guid(fe61cb390c908ef4799efa4feeadbc79) Importer(815301076,1909f56bfc062723c751e8b465ee728b)  -> (artifact id: '64d85c1391032cf0bf7058fd927b6945') in 0.011089 seconds 
  Import took 0.015268 seconds .

========================================================================
Received Import Request.
  Time since last request: 0.133018 seconds.
  path: Assets/Sunny Land Forest Assets/Artwork/Environment/tileset_32.asset
  artifactKey: Guid(b5248520989ad084f82d9439b489028e) Importer(815301076,1909f56bfc062723c751e8b465ee728b)
Start importing Assets/Sunny Land Forest Assets/Artwork/Environment/tileset_32.asset using Guid(b5248520989ad084f82d9439b489028e) Importer(815301076,1909f56bfc062723c751e8b465ee728b)  -> (artifact id: '1816c4857137cef80c7094c544940da3') in 0.011416 seconds 
  Import took 0.015918 seconds .

========================================================================
Received Import Request.
  Time since last request: 0.000356 seconds.
  path: Assets/Sunny Land Forest Assets/Artwork/Environment/tileset_33.asset
  artifactKey: Guid(50e913ed6f09bf84eb30283a2ff092e0) Importer(815301076,1909f56bfc062723c751e8b465ee728b)
Start importing Assets/Sunny Land Forest Assets/Artwork/Environment/tileset_33.asset using Guid(50e913ed6f09bf84eb30283a2ff092e0) Importer(815301076,1909f56bfc062723c751e8b465ee728b)  -> (artifact id: '0160bdfc633a083d7a4eb8cb806e267b') in 0.009864 seconds 
  Import took 0.013551 seconds .

========================================================================
Received Import Request.
  Time since last request: 0.000225 seconds.
  path: Assets/Sunny Land Forest Assets/Artwork/Environment/tileset_36.asset
  artifactKey: Guid(d3d5d25f96909e641854d186366c495d) Importer(815301076,1909f56bfc062723c751e8b465ee728b)
Start importing Assets/Sunny Land Forest Assets/Artwork/Environment/tileset_36.asset using Guid(d3d5d25f96909e641854d186366c495d) Importer(815301076,1909f56bfc062723c751e8b465ee728b)  -> (artifact id: '10d7b98190f5c35ed5959c2538466647') in 0.012983 seconds 
  Import took 0.016269 seconds .

========================================================================
Received Import Request.
  Time since last request: 0.000260 seconds.
  path: Assets/Sunny Land Forest Assets/Artwork/Environment/tileset_35.asset
  artifactKey: Guid(850756956d912434493aeca61c9b0bcd) Importer(815301076,1909f56bfc062723c751e8b465ee728b)
Start importing Assets/Sunny Land Forest Assets/Artwork/Environment/tileset_35.asset using Guid(850756956d912434493aeca61c9b0bcd) Importer(815301076,1909f56bfc062723c751e8b465ee728b)  -> (artifact id: '883c6c362cee61c97e15c1f8107b51aa') in 0.009458 seconds 
  Import took 0.013054 seconds .

========================================================================
Received Import Request.
  Time since last request: 0.000212 seconds.
  path: Assets/Sunny Land Forest Assets/Artwork/Environment/tileset_37.asset
  artifactKey: Guid(6f19fa115f587794795b0e0b80c483c2) Importer(815301076,1909f56bfc062723c751e8b465ee728b)
Start importing Assets/Sunny Land Forest Assets/Artwork/Environment/tileset_37.asset using Guid(6f19fa115f587794795b0e0b80c483c2) Importer(815301076,1909f56bfc062723c751e8b465ee728b)  -> (artifact id: 'eb637930bdc4c8f52b69c6bbd4c0d200') in 0.009235 seconds 
  Import took 0.013093 seconds .

========================================================================
Received Import Request.
  Time since last request: 0.000218 seconds.
  path: Assets/Sunny Land Forest Assets/Artwork/Environment/tileset_34.asset
  artifactKey: Guid(aa166b201074715498efcde4c471055f) Importer(815301076,1909f56bfc062723c751e8b465ee728b)
Start importing Assets/Sunny Land Forest Assets/Artwork/Environment/tileset_34.asset using Guid(aa166b201074715498efcde4c471055f) Importer(815301076,1909f56bfc062723c751e8b465ee728b)  -> (artifact id: 'eceedbd57336af1b33687ec4f26234bb') in 0.009133 seconds 
  Import took 0.012279 seconds .

========================================================================
Received Import Request.
  Time since last request: 0.171066 seconds.
  path: Assets/Sunny Land Forest Assets/Artwork/Environment/tileset_38.asset
  artifactKey: Guid(a547379b85834024096b0e13acb34f8c) Importer(815301076,1909f56bfc062723c751e8b465ee728b)
Start importing Assets/Sunny Land Forest Assets/Artwork/Environment/tileset_38.asset using Guid(a547379b85834024096b0e13acb34f8c) Importer(815301076,1909f56bfc062723c751e8b465ee728b)  -> (artifact id: '538a4bf6e26920be5c5cd2dd960437cc') in 0.009409 seconds 
  Import took 0.012603 seconds .

========================================================================
Received Import Request.
  Time since last request: 0.000216 seconds.
  path: Assets/Sunny Land Forest Assets/Artwork/Environment/tileset_39.asset
  artifactKey: Guid(9057568edcbe40944b598eaf310aa252) Importer(815301076,1909f56bfc062723c751e8b465ee728b)
Start importing Assets/Sunny Land Forest Assets/Artwork/Environment/tileset_39.asset using Guid(9057568edcbe40944b598eaf310aa252) Importer(815301076,1909f56bfc062723c751e8b465ee728b)  -> (artifact id: 'da499b93ff45953e1dc0da5c10403938') in 0.010404 seconds 
  Import took 0.014124 seconds .

========================================================================
Received Import Request.
  Time since last request: 0.000268 seconds.
  path: Assets/Sunny Land Forest Assets/Artwork/Environment/tileset_40.asset
  artifactKey: Guid(9b0c49b9e3ec48b44a89f96d540af569) Importer(815301076,1909f56bfc062723c751e8b465ee728b)
Start importing Assets/Sunny Land Forest Assets/Artwork/Environment/tileset_40.asset using Guid(9b0c49b9e3ec48b44a89f96d540af569) Importer(815301076,1909f56bfc062723c751e8b465ee728b)  -> (artifact id: '3dc9309a44a11e81e0e593f6d0c432e0') in 0.012856 seconds 
  Import took 0.016234 seconds .

========================================================================
Received Import Request.
  Time since last request: 0.000243 seconds.
  path: Assets/Sunny Land Forest Assets/Artwork/Environment/tileset_41.asset
  artifactKey: Guid(b8ca2e0b0c5a44e43a2fbe2cbc28a246) Importer(815301076,1909f56bfc062723c751e8b465ee728b)
Start importing Assets/Sunny Land Forest Assets/Artwork/Environment/tileset_41.asset using Guid(b8ca2e0b0c5a44e43a2fbe2cbc28a246) Importer(815301076,1909f56bfc062723c751e8b465ee728b)  -> (artifact id: '0d7b5866d86d819e213d63cddeb0f492') in 0.008800 seconds 
  Import took 0.012197 seconds .

========================================================================
Received Import Request.
  Time since last request: 0.000223 seconds.
  path: Assets/Sunny Land Forest Assets/Artwork/Environment/tileset_42.asset
  artifactKey: Guid(afd03f6b77e49264f87f3e2d9d392c9c) Importer(815301076,1909f56bfc062723c751e8b465ee728b)
Start importing Assets/Sunny Land Forest Assets/Artwork/Environment/tileset_42.asset using Guid(afd03f6b77e49264f87f3e2d9d392c9c) Importer(815301076,1909f56bfc062723c751e8b465ee728b)  -> (artifact id: '75d0b5f144334aff6352c1e56aedf481') in 0.019788 seconds 
  Import took 0.023876 seconds .

========================================================================
Received Import Request.
  Time since last request: 0.000208 seconds.
  path: Assets/Sunny Land Forest Assets/Artwork/Environment/tileset_43.asset
  artifactKey: Guid(464a06912ea70bb43833c225481160fa) Importer(815301076,1909f56bfc062723c751e8b465ee728b)
Start importing Assets/Sunny Land Forest Assets/Artwork/Environment/tileset_43.asset using Guid(464a06912ea70bb43833c225481160fa) Importer(815301076,1909f56bfc062723c751e8b465ee728b)  -> (artifact id: '0c44c802b89650a6cc4e6158d66d2dca') in 0.009727 seconds 
  Import took 0.013245 seconds .

========================================================================
Received Import Request.
  Time since last request: 0.023114 seconds.
  path: Assets/Sunny Land Forest Assets/Artwork/Environment/tileset_44.asset
  artifactKey: Guid(6c2708e05adb3c949864302c9c39eaf0) Importer(815301076,1909f56bfc062723c751e8b465ee728b)
Start importing Assets/Sunny Land Forest Assets/Artwork/Environment/tileset_44.asset using Guid(6c2708e05adb3c949864302c9c39eaf0) Importer(815301076,1909f56bfc062723c751e8b465ee728b)  -> (artifact id: 'bd49b6427b3eae835b65d3f5c3c5b33c') in 0.014377 seconds 
  Import took 0.018897 seconds .

========================================================================
Received Import Request.
  Time since last request: 0.000360 seconds.
  path: Assets/Sunny Land Forest Assets/Artwork/Environment/tileset_52.asset
  artifactKey: Guid(71280dd6927644942bcee13f1ba7d4e6) Importer(815301076,1909f56bfc062723c751e8b465ee728b)
Start importing Assets/Sunny Land Forest Assets/Artwork/Environment/tileset_52.asset using Guid(71280dd6927644942bcee13f1ba7d4e6) Importer(815301076,1909f56bfc062723c751e8b465ee728b)  -> (artifact id: '2e637c298672652ee63809c18d66a91b') in 0.008843 seconds 
  Import took 0.012101 seconds .

========================================================================
Received Import Request.
  Time since last request: 0.000206 seconds.
  path: Assets/Sunny Land Forest Assets/Artwork/Environment/tileset_53.asset
  artifactKey: Guid(cec5c7b3608bb094992d310053111c4e) Importer(815301076,1909f56bfc062723c751e8b465ee728b)
Start importing Assets/Sunny Land Forest Assets/Artwork/Environment/tileset_53.asset using Guid(cec5c7b3608bb094992d310053111c4e) Importer(815301076,1909f56bfc062723c751e8b465ee728b)  -> (artifact id: 'adf6c31a721bcd00d8d21f33a1e7d9b9') in 0.010132 seconds 
  Import took 0.013444 seconds .

========================================================================
Received Import Request.
  Time since last request: 0.000207 seconds.
  path: Assets/Sunny Land Forest Assets/Artwork/Environment/tileset_48.asset
  artifactKey: Guid(46904d897e00dbb4ba705e9d20df1861) Importer(815301076,1909f56bfc062723c751e8b465ee728b)
Start importing Assets/Sunny Land Forest Assets/Artwork/Environment/tileset_48.asset using Guid(46904d897e00dbb4ba705e9d20df1861) Importer(815301076,1909f56bfc062723c751e8b465ee728b)  -> (artifact id: '2078fc04d781afd70cc44e619431cd3d') in 0.008872 seconds 
  Import took 0.012697 seconds .

========================================================================
Received Import Request.
  Time since last request: 0.000239 seconds.
  path: Assets/Sunny Land Forest Assets/Artwork/Environment/tileset_45.asset
  artifactKey: Guid(21a34cce2d14a3d49aa1358313f2852c) Importer(815301076,1909f56bfc062723c751e8b465ee728b)
Start importing Assets/Sunny Land Forest Assets/Artwork/Environment/tileset_45.asset using Guid(21a34cce2d14a3d49aa1358313f2852c) Importer(815301076,1909f56bfc062723c751e8b465ee728b)  -> (artifact id: 'b69034f0c6df5bdfd261ff29c8a60fb3') in 0.008977 seconds 
  Import took 0.012150 seconds .

========================================================================
Received Import Request.
  Time since last request: 0.000205 seconds.
  path: Assets/Sunny Land Forest Assets/Artwork/Environment/tileset_49.asset
  artifactKey: Guid(0ea0070f6ca55034bb451dbf6403dea7) Importer(815301076,1909f56bfc062723c751e8b465ee728b)
Start importing Assets/Sunny Land Forest Assets/Artwork/Environment/tileset_49.asset using Guid(0ea0070f6ca55034bb451dbf6403dea7) Importer(815301076,1909f56bfc062723c751e8b465ee728b)  -> (artifact id: '9b742952b2cdd2598984576e734b7993') in 0.010563 seconds 
  Import took 0.014010 seconds .

========================================================================
Received Import Request.
  Time since last request: 0.000202 seconds.
  path: Assets/Sunny Land Forest Assets/Artwork/Environment/tileset_50.asset
  artifactKey: Guid(cb0d3c977ad18104c8abe0a419c20c51) Importer(815301076,1909f56bfc062723c751e8b465ee728b)
Start importing Assets/Sunny Land Forest Assets/Artwork/Environment/tileset_50.asset using Guid(cb0d3c977ad18104c8abe0a419c20c51) Importer(815301076,1909f56bfc062723c751e8b465ee728b)  -> (artifact id: 'b8fc1d62a6be73163d176f6be061c0ef') in 0.009939 seconds 
  Import took 0.013556 seconds .

========================================================================
Received Import Request.
  Time since last request: 0.000223 seconds.
  path: Assets/Sunny Land Forest Assets/Artwork/Environment/tileset_51.asset
  artifactKey: Guid(559e2d8ee8d3bea438d71a9f5f274ff4) Importer(815301076,1909f56bfc062723c751e8b465ee728b)
Start importing Assets/Sunny Land Forest Assets/Artwork/Environment/tileset_51.asset using Guid(559e2d8ee8d3bea438d71a9f5f274ff4) Importer(815301076,1909f56bfc062723c751e8b465ee728b)  -> (artifact id: '18bd263226734138ecd5bab91459b7a4') in 0.008653 seconds 
  Import took 0.011954 seconds .

========================================================================
Received Import Request.
  Time since last request: 0.000243 seconds.
  path: Assets/Sunny Land Forest Assets/Artwork/Environment/tileset_54.asset
  artifactKey: Guid(e36cac36c89e2b24c9f63aaed54e0a57) Importer(815301076,1909f56bfc062723c751e8b465ee728b)
Start importing Assets/Sunny Land Forest Assets/Artwork/Environment/tileset_54.asset using Guid(e36cac36c89e2b24c9f63aaed54e0a57) Importer(815301076,1909f56bfc062723c751e8b465ee728b)  -> (artifact id: 'fe8808331cb1a82ad9c01f36d0676c17') in 0.009001 seconds 
  Import took 0.012244 seconds .

========================================================================
Received Import Request.
  Time since last request: 0.000238 seconds.
  path: Assets/Sunny Land Forest Assets/Artwork/Environment/tileset_47.asset
  artifactKey: Guid(8deca4e82c531414d894e1d8828b0724) Importer(815301076,1909f56bfc062723c751e8b465ee728b)
Start importing Assets/Sunny Land Forest Assets/Artwork/Environment/tileset_47.asset using Guid(8deca4e82c531414d894e1d8828b0724) Importer(815301076,1909f56bfc062723c751e8b465ee728b)  -> (artifact id: '850c5d36c0c77d416b3c7a60de2a54fc') in 0.009157 seconds 
  Import took 0.012705 seconds .

========================================================================
Received Import Request.
  Time since last request: 0.000210 seconds.
  path: Assets/Sunny Land Forest Assets/Artwork/Environment/tileset_46.asset
  artifactKey: Guid(f8dedca6997d23145a379039a7c06cb5) Importer(815301076,1909f56bfc062723c751e8b465ee728b)
Start importing Assets/Sunny Land Forest Assets/Artwork/Environment/tileset_46.asset using Guid(f8dedca6997d23145a379039a7c06cb5) Importer(815301076,1909f56bfc062723c751e8b465ee728b)  -> (artifact id: '9104ca7a152a0ea55dc4a011076cbb2c') in 0.008872 seconds 
  Import took 0.012021 seconds .

========================================================================
Received Import Request.
  Time since last request: 0.000219 seconds.
  path: Assets/Sunny Land Forest Assets/Artwork/Environment/tileset_55.asset
  artifactKey: Guid(f821831c261010c4cb1cadc1b21185db) Importer(815301076,1909f56bfc062723c751e8b465ee728b)
Start importing Assets/Sunny Land Forest Assets/Artwork/Environment/tileset_55.asset using Guid(f821831c261010c4cb1cadc1b21185db) Importer(815301076,1909f56bfc062723c751e8b465ee728b)  -> (artifact id: '8be16f5ab81e42738577b29d3ba45fcd') in 0.009722 seconds 
  Import took 0.013614 seconds .

========================================================================
Received Import Request.
  Time since last request: 0.090125 seconds.
  path: Assets/Sunny Land Forest Assets/Artwork/Environment/tileset_56.asset
  artifactKey: Guid(0fc5db04df25794408193030e2a134d1) Importer(815301076,1909f56bfc062723c751e8b465ee728b)
Start importing Assets/Sunny Land Forest Assets/Artwork/Environment/tileset_56.asset using Guid(0fc5db04df25794408193030e2a134d1) Importer(815301076,1909f56bfc062723c751e8b465ee728b)  -> (artifact id: '83afa857e77f79861208a9d82046ed41') in 0.012328 seconds 
  Import took 0.015600 seconds .

========================================================================
Received Import Request.
  Time since last request: 0.000236 seconds.
  path: Assets/Sunny Land Forest Assets/Artwork/Environment/tileset_59.asset
  artifactKey: Guid(93a8ddc621d619c40aca6172f4d7a6e5) Importer(815301076,1909f56bfc062723c751e8b465ee728b)
Start importing Assets/Sunny Land Forest Assets/Artwork/Environment/tileset_59.asset using Guid(93a8ddc621d619c40aca6172f4d7a6e5) Importer(815301076,1909f56bfc062723c751e8b465ee728b)  -> (artifact id: '4264342f5b1221958356ed7557ee37d2') in 0.008953 seconds 
  Import took 0.012999 seconds .

========================================================================
Received Import Request.
  Time since last request: 0.000245 seconds.
  path: Assets/Sunny Land Forest Assets/Artwork/Environment/tileset_63.asset
  artifactKey: Guid(67bb9193ded62b14eb4cd4c879ecd21f) Importer(815301076,1909f56bfc062723c751e8b465ee728b)
Start importing Assets/Sunny Land Forest Assets/Artwork/Environment/tileset_63.asset using Guid(67bb9193ded62b14eb4cd4c879ecd21f) Importer(815301076,1909f56bfc062723c751e8b465ee728b)  -> (artifact id: '6e0e7f05e086fb44b049f8924d1080f2') in 0.008447 seconds 
  Import took 0.011821 seconds .

========================================================================
Received Import Request.
  Time since last request: 0.000202 seconds.
  path: Assets/Sunny Land Forest Assets/Artwork/Environment/tileset_64.asset
  artifactKey: Guid(d7e567e8e924050439d5fce91f440ecd) Importer(815301076,1909f56bfc062723c751e8b465ee728b)
Start importing Assets/Sunny Land Forest Assets/Artwork/Environment/tileset_64.asset using Guid(d7e567e8e924050439d5fce91f440ecd) Importer(815301076,1909f56bfc062723c751e8b465ee728b)  -> (artifact id: '4f82f4d3645586c2ef6c2698c2fce4f1') in 0.008764 seconds 
  Import took 0.012519 seconds .

========================================================================
Received Import Request.
  Time since last request: 0.000316 seconds.
  path: Assets/Sunny Land Forest Assets/Artwork/Environment/tileset_61.asset
  artifactKey: Guid(08f6631324c94404180a699454c171cd) Importer(815301076,1909f56bfc062723c751e8b465ee728b)
Start importing Assets/Sunny Land Forest Assets/Artwork/Environment/tileset_61.asset using Guid(08f6631324c94404180a699454c171cd) Importer(815301076,1909f56bfc062723c751e8b465ee728b)  -> (artifact id: '658fc62f8cfa8109b16fbd6627089883') in 0.009956 seconds 
  Import took 0.013688 seconds .

========================================================================
Received Import Request.
  Time since last request: 0.000277 seconds.
  path: Assets/Sunny Land Forest Assets/Artwork/Environment/tileset_60.asset
  artifactKey: Guid(bf8f89faeb877cc4db1af46d43a1d571) Importer(815301076,1909f56bfc062723c751e8b465ee728b)
Start importing Assets/Sunny Land Forest Assets/Artwork/Environment/tileset_60.asset using Guid(bf8f89faeb877cc4db1af46d43a1d571) Importer(815301076,1909f56bfc062723c751e8b465ee728b)  -> (artifact id: '44b262d357a27e0a25d3678133829909') in 0.009222 seconds 
  Import took 0.012923 seconds .

========================================================================
Received Import Request.
  Time since last request: 0.000247 seconds.
  path: Assets/Sunny Land Forest Assets/Artwork/Environment/tileset_65.asset
  artifactKey: Guid(e7b38ab8ee8133f4aa918a5ab5c62c29) Importer(815301076,1909f56bfc062723c751e8b465ee728b)
Start importing Assets/Sunny Land Forest Assets/Artwork/Environment/tileset_65.asset using Guid(e7b38ab8ee8133f4aa918a5ab5c62c29) Importer(815301076,1909f56bfc062723c751e8b465ee728b)  -> (artifact id: '43ecc5ff468c9dda6c30908704912044') in 0.010775 seconds 
  Import took 0.014480 seconds .

========================================================================
Received Import Request.
  Time since last request: 0.000286 seconds.
  path: Assets/Sunny Land Forest Assets/Artwork/Environment/tileset_66.asset
  artifactKey: Guid(442e8c1aec397cb428c2ee54235877aa) Importer(815301076,1909f56bfc062723c751e8b465ee728b)
Start importing Assets/Sunny Land Forest Assets/Artwork/Environment/tileset_66.asset using Guid(442e8c1aec397cb428c2ee54235877aa) Importer(815301076,1909f56bfc062723c751e8b465ee728b)  -> (artifact id: '69ad3887bfaa7937af4fadb28de55391') in 0.010763 seconds 
  Import took 0.014611 seconds .

========================================================================
Received Import Request.
  Time since last request: 0.000236 seconds.
  path: Assets/Sunny Land Forest Assets/Artwork/Environment/tileset_67.asset
  artifactKey: Guid(67015981fc099ae47a6b24d654cf8a5e) Importer(815301076,1909f56bfc062723c751e8b465ee728b)
Start importing Assets/Sunny Land Forest Assets/Artwork/Environment/tileset_67.asset using Guid(67015981fc099ae47a6b24d654cf8a5e) Importer(815301076,1909f56bfc062723c751e8b465ee728b)  -> (artifact id: '7fe1c2c3f957a701fa7853e0c5280a4f') in 0.013277 seconds 
  Import took 0.017134 seconds .

========================================================================
Received Import Request.
  Time since last request: 0.000297 seconds.
  path: Assets/Sunny Land Forest Assets/Artwork/Environment/tileset_58.asset
  artifactKey: Guid(a0e66ee79effa414ab1e9f34d42c9d5e) Importer(815301076,1909f56bfc062723c751e8b465ee728b)
Start importing Assets/Sunny Land Forest Assets/Artwork/Environment/tileset_58.asset using Guid(a0e66ee79effa414ab1e9f34d42c9d5e) Importer(815301076,1909f56bfc062723c751e8b465ee728b)  -> (artifact id: 'b420af93e2598eab35b5021530ba1337') in 0.009380 seconds 
  Import took 0.013411 seconds .

========================================================================
Received Import Request.
  Time since last request: 0.000209 seconds.
  path: Assets/Sunny Land Forest Assets/Artwork/Environment/tileset_57.asset
  artifactKey: Guid(d606b8d3c1efdf547ae45d31869649c4) Importer(815301076,1909f56bfc062723c751e8b465ee728b)
Start importing Assets/Sunny Land Forest Assets/Artwork/Environment/tileset_57.asset using Guid(d606b8d3c1efdf547ae45d31869649c4) Importer(815301076,1909f56bfc062723c751e8b465ee728b)  -> (artifact id: 'ade30e9a45ee05fa3c5f81069838801e') in 0.009678 seconds 
  Import took 0.014172 seconds .

========================================================================
Received Import Request.
  Time since last request: 0.000240 seconds.
  path: Assets/Sunny Land Forest Assets/Artwork/Environment/tileset_62.asset
  artifactKey: Guid(f44b5626e910e5146a56faca86519405) Importer(815301076,1909f56bfc062723c751e8b465ee728b)
Start importing Assets/Sunny Land Forest Assets/Artwork/Environment/tileset_62.asset using Guid(f44b5626e910e5146a56faca86519405) Importer(815301076,1909f56bfc062723c751e8b465ee728b)  -> (artifact id: 'cdcb456cf03f6563b95f2a19acad7eb0') in 0.013314 seconds 
  Import took 0.018349 seconds .

========================================================================
Received Import Request.
  Time since last request: 0.167790 seconds.
  path: Assets/Sunny Land Forest Assets/Artwork/Environment/tileset_68.asset
  artifactKey: Guid(975d24b4690e1234c8ae1ffcf2b4a3d4) Importer(815301076,1909f56bfc062723c751e8b465ee728b)
Start importing Assets/Sunny Land Forest Assets/Artwork/Environment/tileset_68.asset using Guid(975d24b4690e1234c8ae1ffcf2b4a3d4) Importer(815301076,1909f56bfc062723c751e8b465ee728b)  -> (artifact id: '6d1db2dd6b5763cb611b05f526d9def8') in 0.012258 seconds 
  Import took 0.017157 seconds .

========================================================================
Received Import Request.
  Time since last request: 0.000283 seconds.
  path: Assets/Sunny Land Forest Assets/Artwork/Environment/tileset_70.asset
  artifactKey: Guid(dfa5f50c0a6219a42a4d43770549dad5) Importer(815301076,1909f56bfc062723c751e8b465ee728b)
Start importing Assets/Sunny Land Forest Assets/Artwork/Environment/tileset_70.asset using Guid(dfa5f50c0a6219a42a4d43770549dad5) Importer(815301076,1909f56bfc062723c751e8b465ee728b)  -> (artifact id: 'e4bb5f7c74f0fa73952e99d0dbd0d5ad') in 0.017508 seconds 
  Import took 0.021795 seconds .

========================================================================
Received Import Request.
  Time since last request: 0.000246 seconds.
  path: Assets/Sunny Land Forest Assets/Artwork/Environment/tileset_72.asset
  artifactKey: Guid(ee0246ddc414359489c082ac55237e91) Importer(815301076,1909f56bfc062723c751e8b465ee728b)
Start importing Assets/Sunny Land Forest Assets/Artwork/Environment/tileset_72.asset using Guid(ee0246ddc414359489c082ac55237e91) Importer(815301076,1909f56bfc062723c751e8b465ee728b)  -> (artifact id: '7d5844eb62a6f0fd16bf5c9dce9a18c0') in 0.014325 seconds 
  Import took 0.019378 seconds .

========================================================================
Received Import Request.
  Time since last request: 0.000256 seconds.
  path: Assets/Sunny Land Forest Assets/Artwork/Environment/tileset_78.asset
  artifactKey: Guid(e47babae7808ffd4181adfc561d98537) Importer(815301076,1909f56bfc062723c751e8b465ee728b)
Start importing Assets/Sunny Land Forest Assets/Artwork/Environment/tileset_78.asset using Guid(e47babae7808ffd4181adfc561d98537) Importer(815301076,1909f56bfc062723c751e8b465ee728b)  -> (artifact id: '2dda3d7644ed653aeb3b62bb3085e51f') in 0.010251 seconds 
  Import took 0.013961 seconds .

========================================================================
Received Import Request.
  Time since last request: 0.000251 seconds.
  path: Assets/Sunny Land Forest Assets/Artwork/Environment/tileset_73.asset
  artifactKey: Guid(b5b58309b5660ff49b7d0221c306e8d4) Importer(815301076,1909f56bfc062723c751e8b465ee728b)
Start importing Assets/Sunny Land Forest Assets/Artwork/Environment/tileset_73.asset using Guid(b5b58309b5660ff49b7d0221c306e8d4) Importer(815301076,1909f56bfc062723c751e8b465ee728b)  -> (artifact id: '2f696845bccd778b9ff39d44ad76df6a') in 0.009913 seconds 
  Import took 0.013690 seconds .

========================================================================
Received Import Request.
  Time since last request: 0.000236 seconds.
  path: Assets/Sunny Land Forest Assets/Artwork/Environment/tileset_69.asset
  artifactKey: Guid(360687d9773be194caddafe61fb5e76d) Importer(815301076,1909f56bfc062723c751e8b465ee728b)
Start importing Assets/Sunny Land Forest Assets/Artwork/Environment/tileset_69.asset using Guid(360687d9773be194caddafe61fb5e76d) Importer(815301076,1909f56bfc062723c751e8b465ee728b)  -> (artifact id: 'ea8ec4f8e567bdddfa217eb76e44e046') in 0.010964 seconds 
  Import took 0.014424 seconds .

========================================================================
Received Import Request.
  Time since last request: 0.000230 seconds.
  path: Assets/Sunny Land Forest Assets/Artwork/Environment/tileset_75.asset
  artifactKey: Guid(add18a579ae5c624fb916eb673637394) Importer(815301076,1909f56bfc062723c751e8b465ee728b)
Start importing Assets/Sunny Land Forest Assets/Artwork/Environment/tileset_75.asset using Guid(add18a579ae5c624fb916eb673637394) Importer(815301076,1909f56bfc062723c751e8b465ee728b)  -> (artifact id: 'cb7fa72d668fd6c21f180d5743046c32') in 0.008987 seconds 
  Import took 0.012518 seconds .

========================================================================
Received Import Request.
  Time since last request: 0.000204 seconds.
  path: Assets/Sunny Land Forest Assets/Artwork/Environment/tileset_74.asset
  artifactKey: Guid(2b748239307303842b05f2d36e1fd636) Importer(815301076,1909f56bfc062723c751e8b465ee728b)
Start importing Assets/Sunny Land Forest Assets/Artwork/Environment/tileset_74.asset using Guid(2b748239307303842b05f2d36e1fd636) Importer(815301076,1909f56bfc062723c751e8b465ee728b)  -> (artifact id: '60c4e1ccfa41f4c980c5c4804c4a603a') in 0.009054 seconds 
  Import took 0.012894 seconds .

========================================================================
Received Import Request.
  Time since last request: 0.000264 seconds.
  path: Assets/Sunny Land Forest Assets/Artwork/Environment/tileset_76.asset
  artifactKey: Guid(78200d7caed4ca3458b6863d9501b0d4) Importer(815301076,1909f56bfc062723c751e8b465ee728b)
Start importing Assets/Sunny Land Forest Assets/Artwork/Environment/tileset_76.asset using Guid(78200d7caed4ca3458b6863d9501b0d4) Importer(815301076,1909f56bfc062723c751e8b465ee728b)  -> (artifact id: 'e8595cd30f0eb5ce07f18184f904ab2b') in 0.010719 seconds 
  Import took 0.014663 seconds .

========================================================================
Received Import Request.
  Time since last request: 0.000226 seconds.
  path: Assets/Sunny Land Forest Assets/Artwork/Environment/tileset_77.asset
  artifactKey: Guid(c719fceb7bdb15f40b970d872b1fff59) Importer(815301076,1909f56bfc062723c751e8b465ee728b)
Start importing Assets/Sunny Land Forest Assets/Artwork/Environment/tileset_77.asset using Guid(c719fceb7bdb15f40b970d872b1fff59) Importer(815301076,1909f56bfc062723c751e8b465ee728b)  -> (artifact id: '809f86521b7879c26a28723a1aaec0d3') in 0.010837 seconds 
  Import took 0.014705 seconds .

========================================================================
Received Import Request.
  Time since last request: 0.000234 seconds.
  path: Assets/Sunny Land Forest Assets/Artwork/Environment/tileset_71.asset
  artifactKey: Guid(cb9e7c64e4401e64d89b052cec6348d5) Importer(815301076,1909f56bfc062723c751e8b465ee728b)
Start importing Assets/Sunny Land Forest Assets/Artwork/Environment/tileset_71.asset using Guid(cb9e7c64e4401e64d89b052cec6348d5) Importer(815301076,1909f56bfc062723c751e8b465ee728b)  -> (artifact id: '1363e98efcd015d28a4816220c5e0b2c') in 0.009713 seconds 
  Import took 0.013264 seconds .

========================================================================
Received Import Request.
  Time since last request: 0.000265 seconds.
  path: Assets/Sunny Land Forest Assets/Artwork/Environment/tileset_79.asset
  artifactKey: Guid(aa7263da04a6eba4aaa66ec88e73128a) Importer(815301076,1909f56bfc062723c751e8b465ee728b)
Start importing Assets/Sunny Land Forest Assets/Artwork/Environment/tileset_79.asset using Guid(aa7263da04a6eba4aaa66ec88e73128a) Importer(815301076,1909f56bfc062723c751e8b465ee728b)  -> (artifact id: '8b52b0413aaa1ad46d5e4ada4bca3077') in 0.008492 seconds 
  Import took 0.011715 seconds .

========================================================================
Received Import Request.
  Time since last request: 0.045015 seconds.
  path: Assets/Sunny Land Forest Assets/Artwork/Environment/tileset_80.asset
  artifactKey: Guid(445d0cc2013621240881b98eb46d4a02) Importer(815301076,1909f56bfc062723c751e8b465ee728b)
Start importing Assets/Sunny Land Forest Assets/Artwork/Environment/tileset_80.asset using Guid(445d0cc2013621240881b98eb46d4a02) Importer(815301076,1909f56bfc062723c751e8b465ee728b)  -> (artifact id: '5246d1d5b01053f3a7e46aee2f346353') in 0.009382 seconds 
  Import took 0.012870 seconds .

========================================================================
Received Import Request.
  Time since last request: 0.000257 seconds.
  path: Assets/Sunny Land Forest Assets/Artwork/Environment/tileset_91.asset
  artifactKey: Guid(5d61015a84a9f1d4196d3c236d10b98f) Importer(815301076,1909f56bfc062723c751e8b465ee728b)
Start importing Assets/Sunny Land Forest Assets/Artwork/Environment/tileset_91.asset using Guid(5d61015a84a9f1d4196d3c236d10b98f) Importer(815301076,1909f56bfc062723c751e8b465ee728b)  -> (artifact id: '7724b4e38a86fed9ddb48f4135523747') in 0.009491 seconds 
  Import took 0.012953 seconds .

========================================================================
Received Import Request.
  Time since last request: 0.000331 seconds.
  path: Assets/Sunny Land Forest Assets/Artwork/Environment/tileset_86.asset
  artifactKey: Guid(e3f43454ecd04ae42926987bfe618439) Importer(815301076,1909f56bfc062723c751e8b465ee728b)
Start importing Assets/Sunny Land Forest Assets/Artwork/Environment/tileset_86.asset using Guid(e3f43454ecd04ae42926987bfe618439) Importer(815301076,1909f56bfc062723c751e8b465ee728b)  -> (artifact id: 'f99e1245f4ce1c81bfc2ba85dd9d9924') in 0.009205 seconds 
  Import took 0.012544 seconds .

========================================================================
Received Import Request.
  Time since last request: 0.000263 seconds.
  path: Assets/Sunny Land Forest Assets/Artwork/Environment/tileset_90.asset
  artifactKey: Guid(2f420f167f442574eb913c7fa47e0f75) Importer(815301076,1909f56bfc062723c751e8b465ee728b)
Start importing Assets/Sunny Land Forest Assets/Artwork/Environment/tileset_90.asset using Guid(2f420f167f442574eb913c7fa47e0f75) Importer(815301076,1909f56bfc062723c751e8b465ee728b)  -> (artifact id: '9b9d8c6855c0bb5f8cdd46a5c64e5a96') in 0.008738 seconds 
  Import took 0.012017 seconds .

========================================================================
Received Import Request.
  Time since last request: 0.000235 seconds.
  path: Assets/Sunny Land Forest Assets/Artwork/Environment/tileset_85.asset
  artifactKey: Guid(e95fa972d2b8d0548b3d22698b4da9b9) Importer(815301076,1909f56bfc062723c751e8b465ee728b)
Start importing Assets/Sunny Land Forest Assets/Artwork/Environment/tileset_85.asset using Guid(e95fa972d2b8d0548b3d22698b4da9b9) Importer(815301076,1909f56bfc062723c751e8b465ee728b)  -> (artifact id: 'e440a061b952a25e1a3c3d5062fa87c1') in 0.008947 seconds 
  Import took 0.012075 seconds .

========================================================================
Received Import Request.
  Time since last request: 0.000269 seconds.
  path: Assets/Sunny Land Forest Assets/Artwork/Environment/tileset_83.asset
  artifactKey: Guid(fec5d34243cf7aa479356a4a9348c02f) Importer(815301076,1909f56bfc062723c751e8b465ee728b)
Start importing Assets/Sunny Land Forest Assets/Artwork/Environment/tileset_83.asset using Guid(fec5d34243cf7aa479356a4a9348c02f) Importer(815301076,1909f56bfc062723c751e8b465ee728b)  -> (artifact id: '8b4c93cb0410fd8714a69282ac5e88c7') in 0.009699 seconds 
  Import took 0.013201 seconds .

========================================================================
Received Import Request.
  Time since last request: 0.000227 seconds.
  path: Assets/Sunny Land Forest Assets/Artwork/Environment/tileset_82.asset
  artifactKey: Guid(96f2ed8ef1d26ec4295b99f415e0273d) Importer(815301076,1909f56bfc062723c751e8b465ee728b)
Start importing Assets/Sunny Land Forest Assets/Artwork/Environment/tileset_82.asset using Guid(96f2ed8ef1d26ec4295b99f415e0273d) Importer(815301076,1909f56bfc062723c751e8b465ee728b)  -> (artifact id: '85ce5ab9f74ad5767ca76b659f9e86de') in 0.009345 seconds 
  Import took 0.012710 seconds .

========================================================================
Received Import Request.
  Time since last request: 0.000180 seconds.
  path: Assets/Sunny Land Forest Assets/Artwork/Environment/tileset_95.asset
  artifactKey: Guid(4d66c41c77e4a0c41aa3ed72419075c0) Importer(815301076,1909f56bfc062723c751e8b465ee728b)
Start importing Assets/Sunny Land Forest Assets/Artwork/Environment/tileset_95.asset using Guid(4d66c41c77e4a0c41aa3ed72419075c0) Importer(815301076,1909f56bfc062723c751e8b465ee728b)  -> (artifact id: 'c33726a2b6d025c39d4701ac4e7b3c46') in 0.017658 seconds 
  Import took 0.021103 seconds .

========================================================================
Received Import Request.
  Time since last request: 0.000217 seconds.
  path: Assets/Sunny Land Forest Assets/Artwork/Environment/tileset_97.asset
  artifactKey: Guid(a13c6a3c2de0a9c489ceb85fb7a6c5e2) Importer(815301076,1909f56bfc062723c751e8b465ee728b)
Start importing Assets/Sunny Land Forest Assets/Artwork/Environment/tileset_97.asset using Guid(a13c6a3c2de0a9c489ceb85fb7a6c5e2) Importer(815301076,1909f56bfc062723c751e8b465ee728b)  -> (artifact id: '18e5398847c370ea059992c815a57b53') in 0.009254 seconds 
  Import took 0.012470 seconds .

========================================================================
Received Import Request.
  Time since last request: 0.000215 seconds.
  path: Assets/Sunny Land Forest Assets/Artwork/Environment/tileset_94.asset
  artifactKey: Guid(c01d45fe0da1e2c4787183921f6e474b) Importer(815301076,1909f56bfc062723c751e8b465ee728b)
Start importing Assets/Sunny Land Forest Assets/Artwork/Environment/tileset_94.asset using Guid(c01d45fe0da1e2c4787183921f6e474b) Importer(815301076,1909f56bfc062723c751e8b465ee728b)  -> (artifact id: 'eb5315409b0014ce449a3c00c2796212') in 0.008176 seconds 
  Import took 0.011795 seconds .

========================================================================
Received Import Request.
  Time since last request: 0.000266 seconds.
  path: Assets/Sunny Land Forest Assets/Artwork/Environment/tileset_92.asset
  artifactKey: Guid(ae1a109f02800304f879e559fc2d7c3c) Importer(815301076,1909f56bfc062723c751e8b465ee728b)
Start importing Assets/Sunny Land Forest Assets/Artwork/Environment/tileset_92.asset using Guid(ae1a109f02800304f879e559fc2d7c3c) Importer(815301076,1909f56bfc062723c751e8b465ee728b)  -> (artifact id: '39cd82307234c0966edc0482d556978d') in 0.009431 seconds 
  Import took 0.012591 seconds .

========================================================================
Received Import Request.
  Time since last request: 0.000268 seconds.
  path: Assets/Sunny Land Forest Assets/Artwork/Environment/tileset_96.asset
  artifactKey: Guid(fc3fd1ffa21e0b842bc1fa48e8c06e0a) Importer(815301076,1909f56bfc062723c751e8b465ee728b)
Start importing Assets/Sunny Land Forest Assets/Artwork/Environment/tileset_96.asset using Guid(fc3fd1ffa21e0b842bc1fa48e8c06e0a) Importer(815301076,1909f56bfc062723c751e8b465ee728b)  -> (artifact id: 'cbbe2f6fc841b41c839f6e8f0fecf681') in 0.009111 seconds 
  Import took 0.012411 seconds .

========================================================================
Received Import Request.
  Time since last request: 0.000253 seconds.
  path: Assets/Sunny Land Forest Assets/Artwork/Environment/tileset_88.asset
  artifactKey: Guid(13e55945140caea4fae3db64ca5027b4) Importer(815301076,1909f56bfc062723c751e8b465ee728b)
Start importing Assets/Sunny Land Forest Assets/Artwork/Environment/tileset_88.asset using Guid(13e55945140caea4fae3db64ca5027b4) Importer(815301076,1909f56bfc062723c751e8b465ee728b)  -> (artifact id: 'ace901f83ae95a8464deec8a0b807fae') in 0.013204 seconds 
  Import took 0.016896 seconds .

========================================================================
Received Import Request.
  Time since last request: 0.000325 seconds.
  path: Assets/Sunny Land Forest Assets/Artwork/Environment/tileset_84.asset
  artifactKey: Guid(fe1bc007700faf440a194deda02ea31b) Importer(815301076,1909f56bfc062723c751e8b465ee728b)
Start importing Assets/Sunny Land Forest Assets/Artwork/Environment/tileset_84.asset using Guid(fe1bc007700faf440a194deda02ea31b) Importer(815301076,1909f56bfc062723c751e8b465ee728b)  -> (artifact id: '16ddf1f7b4e6ebd7105f4914f47694bc') in 0.008895 seconds 
  Import took 0.012476 seconds .

========================================================================
Received Import Request.
  Time since last request: 0.000284 seconds.
  path: Assets/Sunny Land Forest Assets/Artwork/Environment/tileset_81.asset
  artifactKey: Guid(af663d1b29796254b8b9db3774cddecc) Importer(815301076,1909f56bfc062723c751e8b465ee728b)
Start importing Assets/Sunny Land Forest Assets/Artwork/Environment/tileset_81.asset using Guid(af663d1b29796254b8b9db3774cddecc) Importer(815301076,1909f56bfc062723c751e8b465ee728b)  -> (artifact id: '98f5623e25e28bc751ea094bbcf7e2c5') in 0.009032 seconds 
  Import took 0.012576 seconds .

========================================================================
Received Import Request.
  Time since last request: 0.000255 seconds.
  path: Assets/Sunny Land Forest Assets/Artwork/Environment/tileset_93.asset
  artifactKey: Guid(2b5c74f2478a8d44e8ec56f88bcff236) Importer(815301076,1909f56bfc062723c751e8b465ee728b)
Start importing Assets/Sunny Land Forest Assets/Artwork/Environment/tileset_93.asset using Guid(2b5c74f2478a8d44e8ec56f88bcff236) Importer(815301076,1909f56bfc062723c751e8b465ee728b)  -> (artifact id: '49e8fa1c7fb47b34d7c7605e5f4ceaa2') in 0.009266 seconds 
  Import took 0.013104 seconds .

========================================================================
Received Import Request.
  Time since last request: 0.000290 seconds.
  path: Assets/Sunny Land Forest Assets/Artwork/Environment/tileset_89.asset
  artifactKey: Guid(0cb6feb23c005b84b86016da6530e8ea) Importer(815301076,1909f56bfc062723c751e8b465ee728b)
Start importing Assets/Sunny Land Forest Assets/Artwork/Environment/tileset_89.asset using Guid(0cb6feb23c005b84b86016da6530e8ea) Importer(815301076,1909f56bfc062723c751e8b465ee728b)  -> (artifact id: '8fb78b1fec76084a5d3e5544cb92d18d') in 0.010114 seconds 
  Import took 0.013508 seconds .

========================================================================
Received Import Request.
  Time since last request: 0.000228 seconds.
  path: Assets/Sunny Land Forest Assets/Artwork/Environment/tileset_87.asset
  artifactKey: Guid(3608c7959732b0b4f92c60efd47a2915) Importer(815301076,1909f56bfc062723c751e8b465ee728b)
Start importing Assets/Sunny Land Forest Assets/Artwork/Environment/tileset_87.asset using Guid(3608c7959732b0b4f92c60efd47a2915) Importer(815301076,1909f56bfc062723c751e8b465ee728b)  -> (artifact id: '6b78854332db7e08c187a059930b3ab3') in 0.009997 seconds 
  Import took 0.013676 seconds .

========================================================================
Received Import Request.
  Time since last request: 0.013343 seconds.
  path: Assets/Sunny Land Forest Assets/Artwork/Environment/tileset_98.asset
  artifactKey: Guid(c0642237bb399934ca65706d8ad5bfef) Importer(815301076,1909f56bfc062723c751e8b465ee728b)
Start importing Assets/Sunny Land Forest Assets/Artwork/Environment/tileset_98.asset using Guid(c0642237bb399934ca65706d8ad5bfef) Importer(815301076,1909f56bfc062723c751e8b465ee728b)  -> (artifact id: 'ab688a965be31d0fad02bbfcc5346947') in 0.010006 seconds 
  Import took 0.013324 seconds .

========================================================================
Received Import Request.
  Time since last request: 0.000260 seconds.
  path: Assets/Sunny Land Forest Assets/Artwork/Environment/tileset_100.asset
  artifactKey: Guid(528e5275a7f0f47479e0558ff13ff102) Importer(815301076,1909f56bfc062723c751e8b465ee728b)
Start importing Assets/Sunny Land Forest Assets/Artwork/Environment/tileset_100.asset using Guid(528e5275a7f0f47479e0558ff13ff102) Importer(815301076,1909f56bfc062723c751e8b465ee728b)  -> (artifact id: '735bfa18080fb8b4f92c6dc3e8ca0283') in 0.021862 seconds 
  Import took 0.025250 seconds .

========================================================================
Received Import Request.
  Time since last request: 0.000240 seconds.
  path: Assets/Sunny Land Forest Assets/Artwork/Environment/tileset_103.asset
  artifactKey: Guid(45acb9e1e0286304d88555be82642153) Importer(815301076,1909f56bfc062723c751e8b465ee728b)
Start importing Assets/Sunny Land Forest Assets/Artwork/Environment/tileset_103.asset using Guid(45acb9e1e0286304d88555be82642153) Importer(815301076,1909f56bfc062723c751e8b465ee728b)  -> (artifact id: 'bcbd845df0ceaec46129ac0349b37559') in 0.009710 seconds 
  Import took 0.013135 seconds .

========================================================================
Received Import Request.
  Time since last request: 0.000282 seconds.
  path: Assets/Sunny Land Forest Assets/Artwork/Environment/tileset_102.asset
  artifactKey: Guid(907500d6db0af3a4bbcd4c28ab299da0) Importer(815301076,1909f56bfc062723c751e8b465ee728b)
Start importing Assets/Sunny Land Forest Assets/Artwork/Environment/tileset_102.asset using Guid(907500d6db0af3a4bbcd4c28ab299da0) Importer(815301076,1909f56bfc062723c751e8b465ee728b)  -> (artifact id: '1375afc3d9c03835c076a83f13bacab0') in 0.009054 seconds 
  Import took 0.012633 seconds .

========================================================================
Received Import Request.
  Time since last request: 0.000256 seconds.
  path: Assets/Sunny Land Forest Assets/Artwork/Environment/tileset_101.asset
  artifactKey: Guid(79410de49007fee4494e21c7b02993de) Importer(815301076,1909f56bfc062723c751e8b465ee728b)
Start importing Assets/Sunny Land Forest Assets/Artwork/Environment/tileset_101.asset using Guid(79410de49007fee4494e21c7b02993de) Importer(815301076,1909f56bfc062723c751e8b465ee728b)  -> (artifact id: '34589d012065cb78f118cbf7c5828281') in 0.009560 seconds 
  Import took 0.013006 seconds .

========================================================================
Received Import Request.
  Time since last request: 0.000322 seconds.
  path: Assets/Sunny Land Forest Assets/Artwork/Environment/tileset_99.asset
  artifactKey: Guid(6e6620c21bcef1740b4f5b0f7ac903ea) Importer(815301076,1909f56bfc062723c751e8b465ee728b)
Start importing Assets/Sunny Land Forest Assets/Artwork/Environment/tileset_99.asset using Guid(6e6620c21bcef1740b4f5b0f7ac903ea) Importer(815301076,1909f56bfc062723c751e8b465ee728b)  -> (artifact id: '25a4ec14b5424794c052506bf6fd9061') in 0.009819 seconds 
  Import took 0.013684 seconds .

========================================================================
Received Import Request.
  Time since last request: 0.007906 seconds.
  path: Assets/Sunny Land Forest Assets/Artwork/Environment/tileset_104.asset
  artifactKey: Guid(6a7698843a4803b4088c1018247dcaa9) Importer(815301076,1909f56bfc062723c751e8b465ee728b)
Start importing Assets/Sunny Land Forest Assets/Artwork/Environment/tileset_104.asset using Guid(6a7698843a4803b4088c1018247dcaa9) Importer(815301076,1909f56bfc062723c751e8b465ee728b)  -> (artifact id: '8fdedfc2eaa849cdfffb7a55a3e11fb0') in 0.009391 seconds 
  Import took 0.013347 seconds .

========================================================================
Received Import Request.
  Time since last request: 0.000223 seconds.
  path: Assets/Sunny Land Forest Assets/Artwork/Environment/tileset_108.asset
  artifactKey: Guid(925c91ca62523fb47a677f04377dff0e) Importer(815301076,1909f56bfc062723c751e8b465ee728b)
Start importing Assets/Sunny Land Forest Assets/Artwork/Environment/tileset_108.asset using Guid(925c91ca62523fb47a677f04377dff0e) Importer(815301076,1909f56bfc062723c751e8b465ee728b)  -> (artifact id: '7ed646891dbf9bfd27d5fc83e91d10af') in 0.009902 seconds 
  Import took 0.013298 seconds .

========================================================================
Received Import Request.
  Time since last request: 0.000220 seconds.
  path: Assets/Sunny Land Forest Assets/Artwork/Environment/tileset_105.asset
  artifactKey: Guid(b2759764a004abc42b163dff185a2ada) Importer(815301076,1909f56bfc062723c751e8b465ee728b)
Start importing Assets/Sunny Land Forest Assets/Artwork/Environment/tileset_105.asset using Guid(b2759764a004abc42b163dff185a2ada) Importer(815301076,1909f56bfc062723c751e8b465ee728b)  -> (artifact id: '8d1193e946a8a07418cdd731a25a471b') in 0.009505 seconds 
  Import took 0.013144 seconds .

========================================================================
Received Import Request.
  Time since last request: 0.000258 seconds.
  path: Assets/Sunny Land Forest Assets/Artwork/Environment/tileset_106.asset
  artifactKey: Guid(7ad2f7145dfd88449b4602e6db936ef5) Importer(815301076,1909f56bfc062723c751e8b465ee728b)
Start importing Assets/Sunny Land Forest Assets/Artwork/Environment/tileset_106.asset using Guid(7ad2f7145dfd88449b4602e6db936ef5) Importer(815301076,1909f56bfc062723c751e8b465ee728b)  -> (artifact id: '51fdf55fb7dbc444d59487479ec38ee5') in 0.009153 seconds 
  Import took 0.012931 seconds .

========================================================================
Received Import Request.
  Time since last request: 0.000229 seconds.
  path: Assets/Sunny Land Forest Assets/Artwork/Environment/tileset_107.asset
  artifactKey: Guid(b634d591b77f2564e93b550fccc99982) Importer(815301076,1909f56bfc062723c751e8b465ee728b)
Start importing Assets/Sunny Land Forest Assets/Artwork/Environment/tileset_107.asset using Guid(b634d591b77f2564e93b550fccc99982) Importer(815301076,1909f56bfc062723c751e8b465ee728b)  -> (artifact id: '355dc7971edec1ddc45b1c0124613a96') in 0.009242 seconds 
  Import took 0.012768 seconds .

========================================================================
Received Import Request.
  Time since last request: 25.873952 seconds.
  path: Assets/Sunny Land Forest Assets/Artwork/Environment/tileset.prefab
  artifactKey: Guid(d7b89ff904c26ff41bdeaec7c436c0c5) Importer(815301076,1909f56bfc062723c751e8b465ee728b)
Start importing Assets/Sunny Land Forest Assets/Artwork/Environment/tileset.prefab using Guid(d7b89ff904c26ff41bdeaec7c436c0c5) Importer(815301076,1909f56bfc062723c751e8b465ee728b)  -> (artifact id: '1bdfbbfc5da0b06ecc4afe68e30bf5f8') in 0.025435 seconds 
  Import took 0.028723 seconds .

========================================================================
Received Import Request.
  Time since last request: 34.917517 seconds.
  path: Assets/Sunny Land Forest Assets/Artwork/Environment/tileset_preview.asset
  artifactKey: Guid(2d45e48382084d449aa2efdd7f37e2a1) Importer(815301076,1909f56bfc062723c751e8b465ee728b)
Start importing Assets/Sunny Land Forest Assets/Artwork/Environment/tileset_preview.asset using Guid(2d45e48382084d449aa2efdd7f37e2a1) Importer(815301076,1909f56bfc062723c751e8b465ee728b)  -> (artifact id: 'c17f85f3887766ef3bcaa31faa258aae') in 0.011337 seconds 
  Import took 0.015874 seconds .

========================================================================
Received Import Request.
  Time since last request: 2.800000 seconds.
  path: Assets/Sunny Land Forest Assets/Artwork/Environment/tileset.prefab
  artifactKey: Guid(d7b89ff904c26ff41bdeaec7c436c0c5) Importer(815301076,1909f56bfc062723c751e8b465ee728b)
Start importing Assets/Sunny Land Forest Assets/Artwork/Environment/tileset.prefab using Guid(d7b89ff904c26ff41bdeaec7c436c0c5) Importer(815301076,1909f56bfc062723c751e8b465ee728b)  -> (artifact id: '96e57a0b1e7fb274cabf722dd632a14b') in 0.024494 seconds 
  Import took 0.027707 seconds .

========================================================================
Received Import Request.
  Time since last request: 60.059897 seconds.
  path: Assets/Sunny Land Forest Assets/Artwork/Environment/tileset_preview.png
  artifactKey: Guid(c7023aa968e634fc886642f0d99afe29) Importer(815301076,1909f56bfc062723c751e8b465ee728b)
Start importing Assets/Sunny Land Forest Assets/Artwork/Environment/tileset_preview.png using Guid(c7023aa968e634fc886642f0d99afe29) Importer(815301076,1909f56bfc062723c751e8b465ee728b)  -> (artifact id: '0eb01112493985d862ac402292406e7d') in 0.015217 seconds 
  Import took 0.018713 seconds .

========================================================================
Received Import Request.
  Time since last request: 6.550471 seconds.
  path: Assets/Sunny Land Forest Assets/Artwork/Environment/Rectangular Palette.prefab
  artifactKey: Guid(8784dd5dccc60134c8398d1e05813e09) Importer(815301076,1909f56bfc062723c751e8b465ee728b)
Start importing Assets/Sunny Land Forest Assets/Artwork/Environment/Rectangular Palette.prefab using Guid(8784dd5dccc60134c8398d1e05813e09) Importer(815301076,1909f56bfc062723c751e8b465ee728b)  -> (artifact id: 'f618f21672dd937b592b33aeeebaebf7') in 0.011955 seconds 
  Import took 0.015467 seconds .

========================================================================
Received Import Request.
  Time since last request: 5.970787 seconds.
  path: Assets/Sunny Land Forest Assets/Artwork/Environment/tileset.prefab
  artifactKey: Guid(8784dd5dccc60134c8398d1e05813e09) Importer(815301076,1909f56bfc062723c751e8b465ee728b)
Start importing Assets/Sunny Land Forest Assets/Artwork/Environment/tileset.prefab using Guid(8784dd5dccc60134c8398d1e05813e09) Importer(815301076,1909f56bfc062723c751e8b465ee728b)  -> (artifact id: 'e0db4facbe667cafda66f74d981e85ad') in 0.011172 seconds 
  Import took 0.014566 seconds .

========================================================================
Received Import Request.
  Time since last request: 47.970474 seconds.
  path: Assets/Sunny Land Forest Assets/Artwork/Environment/tileset.prefab
  artifactKey: Guid(8784dd5dccc60134c8398d1e05813e09) Importer(815301076,1909f56bfc062723c751e8b465ee728b)
Start importing Assets/Sunny Land Forest Assets/Artwork/Environment/tileset.prefab using Guid(8784dd5dccc60134c8398d1e05813e09) Importer(815301076,1909f56bfc062723c751e8b465ee728b)  -> (artifact id: '6ba584be2cb4874840b8009d718c0897') in 0.011262 seconds 
  Import took 0.014934 seconds .

AssetImportWorkerClient::OnTransportError - code=2 error=End of file
